<?xml version="1.0" encoding="UTF-8"?>
<!-- Generated by org.testng.reporters.JUnitReportReporter -->
<testsuite skipped="0" hostname="DESKTOP-9OVUSCR" name="com.selenium.javacourse.test.SignUpYahooFinance" tests="2" failures="0" timestamp="2021-02-04T14:43:22 EET" time="5.592" errors="0">
  <testcase name="executeSignUpYahooFinance" time="2.699" classname="com.selenium.javacourse.test.SignUpYahooFinance"/>
  <system-out>
All necessary fields for negative tests are inputted.  </system-out>
  <testcase name="executeSignUpYahooFinance" time="2.893" classname="com.selenium.javacourse.test.SignUpYahooFinance"/>
  <system-out>
All necessary fields for negative tests are inputted.  </system-out>
</testsuite> <!-- com.selenium.javacourse.test.SignUpYahooFinance -->
